

Microchip Technology PIC18 LITE Macro Assembler V1.44 build -154322312 
                                                                                               Wed Jun 06 21:18:42 2018

Microchip Technology Omniscient Code Generator v1.44 (Free mode) build 201709140600
     1                           	processor	18F47K40
     2                           	fnconf	rparam,??,?,0
     3                           	opt	pw 120
     4                           	opt	lm
     5                           	psect	cinit,global,reloc=2,class=CODE,delta=1
     6                           	psect	bssCOMRAM,global,class=COMRAM,space=1,delta=1,noexec
     7                           	psect	cstackCOMRAM,global,class=COMRAM,space=1,delta=1,noexec
     8                           	psect	text0,global,reloc=2,class=CODE,delta=1
     9                           	psect	text1,global,reloc=2,class=CODE,delta=1
    10                           	psect	text2,global,reloc=2,class=CODE,delta=1
    11                           	psect	text3,global,reloc=2,class=CODE,delta=1
    12                           	psect	text4,global,reloc=2,class=CODE,delta=1
    13                           	psect	text5,global,reloc=2,class=CODE,delta=1
    14                           	psect	text6,global,reloc=2,class=CODE,delta=1
    15                           	psect	text7,global,reloc=2,class=CODE,delta=1
    16                           	psect	intsave_regs,global,class=BIGRAM,space=1,delta=1,noexec
    17                           	psect	rparam,global,class=COMRAM,space=1,delta=1,noexec
    18  0000                     
    19                           ; Version 1.44
    20                           ; Generated 14/09/2017 GMT
    21                           ; 
    22                           ; Copyright © 2017, Microchip Technology Inc. and its subsidiaries ("Microchip")
    23                           ; All rights reserved.
    24                           ; 
    25                           ; This software is developed by Microchip Technology Inc. and its subsidiaries ("Microch
      +                          ip").
    26                           ; 
    27                           ; Redistribution and use in source and binary forms, with or without modification, are
    28                           ; permitted provided that the following conditions are met:
    29                           ; 
    30                           ;     1. Redistributions of source code must retain the above copyright notice, this lis
      +                          t of
    31                           ;        conditions and the following disclaimer.
    32                           ; 
    33                           ;     2. Redistributions in binary form must reproduce the above copyright notice, this 
      +                          list
    34                           ;        of conditions and the following disclaimer in the documentation and/or other
    35                           ;        materials provided with the distribution.
    36                           ; 
    37                           ;     3. Microchip's name may not be used to endorse or promote products derived from th
      +                          is
    38                           ;        software without specific prior written permission.
    39                           ; 
    40                           ; THIS SOFTWARE IS PROVIDED BY MICROCHIP "AS IS" AND ANY EXPRESS OR IMPLIED WARRANTIES,
    41                           ; INCLUDING, BUT NOT LIMITED TO, THE IMPLIED WARRANTIES OF MERCHANTABILITY AND FITNESS F
      +                          OR
    42                           ; PURPOSE ARE DISCLAIMED.  IN NO EVENT SHALL MICROCHIP BE LIABLE FOR ANY DIRECT, INDIREC
      +                          T,
    43                           ; INCIDENTAL, SPECIAL, EXEMPLARY, OR CONSEQUENTIAL DAMAGES (INCLUDING BUT NOT LIMITED TO
    44                           ; PROCUREMENT OF SUBSTITUTE GOODS OR SERVICES; LOSS OF USE, DATA OR PROFITS; OR BUSINESS
    45                           ; INTERRUPTION) HOWSOEVER CAUSED AND ON ANY THEORY OF LIABILITY, WHETHER IN CONTRACT, ST
      +                          RICT
    46                           ; LIABILITY, OR TORT (INCLUDING NEGLIGENCE OR OTHERWISE) ARISING IN ANY WAY OUT OF THE U
      +                          SE OF
    47                           ; THIS SOFTWARE, EVEN IF ADVISED OF THE POSSIBILITY OF SUCH DAMAGE.
    48                           ; 
    49                           ; 
    50                           ; Code-generator required, PIC18F47K40 Definitions
    51                           ; 
    52                           ; SFR Addresses
    53  0000                     _PMD5	set	3814
    54  0000                     _PMD4	set	3813
    55  0000                     _PMD3	set	3812
    56  0000                     _PMD2	set	3811
    57  0000                     _PMD1	set	3810
    58  0000                     _PMD0	set	3809
    59  0000                     _OSCTUNE	set	3805
    60  0000                     _OSCFRQ	set	3806
    61  0000                     _OSCEN	set	3804
    62  0000                     _OSCCON3	set	3802
    63  0000                     _OSCCON1	set	3800
    64  0000                     _SSP1DATPPSbits	set	3768
    65  0000                     _SSP1CLKPPSbits	set	3767
    66  0000                     _RC4PPS	set	3835
    67  0000                     _RC3PPS	set	3834
    68  0000                     _ODCOND	set	3876
    69  0000                     _ODCONC	set	3871
    70  0000                     _ODCONB	set	3863
    71  0000                     _ODCONA	set	3855
    72  0000                     _ODCONE	set	3884
    73  0000                     _WPUC	set	3872
    74  0000                     _WPUA	set	3856
    75  0000                     _WPUB	set	3864
    76  0000                     _WPUE	set	3885
    77  0000                     _WPUD	set	3877
    78  0000                     _ANSELA	set	3857
    79  0000                     _ANSELE	set	3886
    80  0000                     _ANSELB	set	3865
    81  0000                     _ANSELC	set	3873
    82  0000                     _ANSELD	set	3878
    83  0000                     _SSP1STATbits	set	3989
    84  0000                     _SSP1BUF	set	3986
    85  0000                     _SSP1CON1bits	set	3990
    86  0000                     _SSP1ADD	set	3987
    87  0000                     _SSP1CON1	set	3990
    88  0000                     _SSP1STAT	set	3989
    89  0000                     _PORTCbits	set	3983
    90  0000                     _TRISD	set	3979
    91  0000                     _TRISC	set	3978
    92  0000                     _TRISB	set	3977
    93  0000                     _TRISA	set	3976
    94  0000                     _TRISE	set	3980
    95  0000                     _LATC	set	3973
    96  0000                     _LATB	set	3972
    97  0000                     _LATA	set	3971
    98  0000                     _LATD	set	3974
    99  0000                     _LATE	set	3975
   100                           
   101                           ; #config settings
   102  0000                     
   103                           	psect	cinit
   104  01FEE0                     __pcinit:
   105                           	opt stack 0
   106  01FEE0                     start_initialization:
   107                           	opt stack 0
   108  01FEE0                     __initialization:
   109                           	opt stack 0
   110                           
   111                           ; Clear objects allocated to COMRAM (1 bytes)
   112  01FEE0  6A04               	clrf	__pbssCOMRAM& (0+255),c
   113  01FEE2                     end_of_initialization:
   114                           	opt stack 0
   115  01FEE2                     __end_of__initialization:
   116                           	opt stack 0
   117  01FEE2  0100               	movlb	0
   118  01FEE4  EFAF  F0FF         	goto	_main	;jump to C main() function
   119                           
   120                           	psect	bssCOMRAM
   121  000004                     __pbssCOMRAM:
   122                           	opt stack 0
   123  000004                     _a:
   124                           	opt stack 0
   125  000004                     	ds	1
   126                           
   127                           	psect	cstackCOMRAM
   128  000001                     __pcstackCOMRAM:
   129                           	opt stack 0
   130  000001                     SPI1_Exchange8bit@data:
   131                           	opt stack 0
   132                           
   133                           ; 1 bytes @ 0x0
   134  000001                     	ds	1
   135  000002                     spi_out@byte:
   136                           	opt stack 0
   137                           
   138                           ; 1 bytes @ 0x1
   139  000002                     	ds	1
   140  000003                     ??_main:
   141                           
   142                           ; 1 bytes @ 0x2
   143  000003                     	ds	1
   144                           
   145 ;;
   146 ;;Main: autosize = 0, tempsize = 1, incstack = 0, save=0
   147 ;;
   148 ;; *************** function _main *****************
   149 ;; Defined at:
   150 ;;		line 52 in file "main.c"
   151 ;; Parameters:    Size  Location     Type
   152 ;;		None
   153 ;; Auto vars:     Size  Location     Type
   154 ;;		None
   155 ;; Return value:  Size  Location     Type
   156 ;;                  1    wreg      void 
   157 ;; Registers used:
   158 ;;		wreg, status,2, status,0, cstack
   159 ;; Tracked objects:
   160 ;;		On entry : 0/0
   161 ;;		On exit  : 0/0
   162 ;;		Unchanged: 0/0
   163 ;; Data sizes:     COMRAM   BANK0   BANK1   BANK2   BANK3   BANK4   BANK5   BANK6   BANK7   BANK8   BANK9  BANK10  BANK1
      +1  BANK12  BANK13  BANK14
   164 ;;      Params:         0       0       0       0       0       0       0       0       0       0       0       0       
      +0       0       0       0
   165 ;;      Locals:         0       0       0       0       0       0       0       0       0       0       0       0       
      +0       0       0       0
   166 ;;      Temps:          1       0       0       0       0       0       0       0       0       0       0       0       
      +0       0       0       0
   167 ;;      Totals:         1       0       0       0       0       0       0       0       0       0       0       0       
      +0       0       0       0
   168 ;;Total ram usage:        1 bytes
   169 ;; Hardware stack levels required when called:    2
   170 ;; This function calls:
   171 ;;		_SYSTEM_Initialize
   172 ;;		_spi_out
   173 ;; This function is called by:
   174 ;;		Startup code after reset
   175 ;; This function uses a non-reentrant model
   176 ;;
   177                           
   178                           	psect	text0
   179  01FF5E                     __ptext0:
   180                           	opt stack 0
   181  01FF5E                     _main:
   182                           	opt stack 29
   183                           
   184                           ;main.c: 55: SYSTEM_Initialize();
   185                           
   186                           ;incstack = 0
   187  01FF5E  EC83  F0FF         	call	_SYSTEM_Initialize	;wreg free
   188  01FF62                     
   189                           ;main.c: 76: {
   190                           ;main.c: 77: _delay((unsigned long)((100)*(1000000/4000.0)));
   191  01FF62  0E21               	movlw	33
   192  01FF64  6E03               	movwf	??_main& (0+255),c
   193  01FF66  0E76               	movlw	118
   194  01FF68                     u97:
   195  01FF68  2EE8               	decfsz	wreg,f,c
   196  01FF6A  D7FE               	bra	u97
   197  01FF6C  2E03               	decfsz	??_main& (0+255),f,c
   198  01FF6E  D7FC               	bra	u97
   199  01FF70  D000               	nop2	
   200                           
   201                           ;main.c: 78: spi_out(a);
   202  01FF72  5004               	movf	_a,w,c
   203  01FF74  EC8C  F0FF         	call	_spi_out
   204                           
   205                           ;main.c: 79: a++;
   206  01FF78  2A04               	incf	_a,f,c
   207                           
   208                           ;main.c: 80: if (a == 255)
   209  01FF7A  2804               	incf	_a,w,c
   210  01FF7C  A4D8               	btfss	status,2,c
   211  01FF7E  D7F1               	goto	l120
   212                           
   213                           ;main.c: 81: {
   214                           ;main.c: 82: a = 0;
   215  01FF80  0E00               	movlw	0
   216  01FF82  6E04               	movwf	_a,c
   217  01FF84  D7EE               	goto	l120
   218  01FF86                     __end_of_main:
   219                           	opt stack 0
   220                           wreg	equ	0xFE8
   221                           status	equ	0xFD8
   222                           
   223 ;; *************** function _spi_out *****************
   224 ;; Defined at:
   225 ;;		line 89 in file "main.c"
   226 ;; Parameters:    Size  Location     Type
   227 ;;  byte            1    wreg     unsigned char 
   228 ;; Auto vars:     Size  Location     Type
   229 ;;  byte            1    1[COMRAM] unsigned char 
   230 ;; Return value:  Size  Location     Type
   231 ;;                  1    wreg      void 
   232 ;; Registers used:
   233 ;;		wreg, status,2, status,0, cstack
   234 ;; Tracked objects:
   235 ;;		On entry : 0/0
   236 ;;		On exit  : 0/0
   237 ;;		Unchanged: 0/0
   238 ;; Data sizes:     COMRAM   BANK0   BANK1   BANK2   BANK3   BANK4   BANK5   BANK6   BANK7   BANK8   BANK9  BANK10  BANK1
      +1  BANK12  BANK13  BANK14
   239 ;;      Params:         0       0       0       0       0       0       0       0       0       0       0       0       
      +0       0       0       0
   240 ;;      Locals:         1       0       0       0       0       0       0       0       0       0       0       0       
      +0       0       0       0
   241 ;;      Temps:          0       0       0       0       0       0       0       0       0       0       0       0       
      +0       0       0       0
   242 ;;      Totals:         1       0       0       0       0       0       0       0       0       0       0       0       
      +0       0       0       0
   243 ;;Total ram usage:        1 bytes
   244 ;; Hardware stack levels used:    1
   245 ;; Hardware stack levels required when called:    1
   246 ;; This function calls:
   247 ;;		_SPI1_Exchange8bit
   248 ;; This function is called by:
   249 ;;		_main
   250 ;; This function uses a non-reentrant model
   251 ;;
   252                           
   253                           	psect	text1
   254  01FF18                     __ptext1:
   255                           	opt stack 0
   256  01FF18                     _spi_out:
   257                           	opt stack 29
   258                           
   259                           ;incstack = 0
   260                           ;spi_out@byte stored from wreg
   261  01FF18  6E02               	movwf	spi_out@byte,c
   262                           
   263                           ;main.c: 91: SPI1_Exchange8bit((byte << 1) | (byte >> 7));
   264  01FF1A  90D8               	bcf	status,0,c
   265  01FF1C  3402               	rlcf	spi_out@byte,w,c
   266  01FF1E  3402               	rlcf	spi_out@byte,w,c
   267  01FF20  EC7B  F0FF         	call	_SPI1_Exchange8bit
   268                           
   269                           ;main.c: 92: PORTCbits.RC5 = 1;
   270  01FF24  8A8F               	bsf	3983,5,c	;volatile
   271                           
   272                           ;main.c: 94: PORTCbits.RC5 = 0;
   273                           
   274                           ;main.c: 93: _delay((unsigned long)((1)*(1000000/4000000.0)));
   275  01FF26  9A8F               	bcf	3983,5,c	;volatile
   276  01FF28  0012               	return		;funcret
   277  01FF2A                     __end_of_spi_out:
   278                           	opt stack 0
   279                           wreg	equ	0xFE8
   280                           status	equ	0xFD8
   281                           
   282 ;; *************** function _SPI1_Exchange8bit *****************
   283 ;; Defined at:
   284 ;;		line 79 in file "mcc_generated_files/spi1.c"
   285 ;; Parameters:    Size  Location     Type
   286 ;;  data            1    wreg     unsigned char 
   287 ;; Auto vars:     Size  Location     Type
   288 ;;  data            1    0[COMRAM] unsigned char 
   289 ;; Return value:  Size  Location     Type
   290 ;;                  1    wreg      unsigned char 
   291 ;; Registers used:
   292 ;;		wreg, status,2
   293 ;; Tracked objects:
   294 ;;		On entry : 0/0
   295 ;;		On exit  : 0/0
   296 ;;		Unchanged: 0/0
   297 ;; Data sizes:     COMRAM   BANK0   BANK1   BANK2   BANK3   BANK4   BANK5   BANK6   BANK7   BANK8   BANK9  BANK10  BANK1
      +1  BANK12  BANK13  BANK14
   298 ;;      Params:         0       0       0       0       0       0       0       0       0       0       0       0       
      +0       0       0       0
   299 ;;      Locals:         1       0       0       0       0       0       0       0       0       0       0       0       
      +0       0       0       0
   300 ;;      Temps:          0       0       0       0       0       0       0       0       0       0       0       0       
      +0       0       0       0
   301 ;;      Totals:         1       0       0       0       0       0       0       0       0       0       0       0       
      +0       0       0       0
   302 ;;Total ram usage:        1 bytes
   303 ;; Hardware stack levels used:    1
   304 ;; This function calls:
   305 ;;		Nothing
   306 ;; This function is called by:
   307 ;;		_spi_out
   308 ;;		_SPI1_Exchange8bitBuffer
   309 ;; This function uses a non-reentrant model
   310 ;;
   311                           
   312                           	psect	text2
   313  01FEF6                     __ptext2:
   314                           	opt stack 0
   315  01FEF6                     _SPI1_Exchange8bit:
   316                           	opt stack 29
   317                           
   318                           ;incstack = 0
   319                           ;SPI1_Exchange8bit@data stored from wreg
   320  01FEF6  6E01               	movwf	SPI1_Exchange8bit@data,c
   321                           
   322                           ;spi1.c: 82: SSP1CON1bits.WCOL = 0;
   323  01FEF8  9E96               	bcf	3990,7,c	;volatile
   324                           
   325                           ;spi1.c: 84: SSP1BUF = data;
   326  01FEFA  C001  FF92         	movff	SPI1_Exchange8bit@data,3986	;volatile
   327  01FEFE                     
   328                           ;spi1.c: 87: {
   329  01FEFE  A095               	btfss	3989,0,c	;volatile
   330  01FF00  D7FE               	goto	l146
   331                           
   332                           ;spi1.c: 88: }
   333                           ;spi1.c: 90: return (SSP1BUF);
   334  01FF02  5092               	movf	3986,w,c	;volatile
   335  01FF04  0012               	return		;funcret
   336  01FF06                     __end_of_SPI1_Exchange8bit:
   337                           	opt stack 0
   338                           wreg	equ	0xFE8
   339                           status	equ	0xFD8
   340                           
   341 ;; *************** function _SYSTEM_Initialize *****************
   342 ;; Defined at:
   343 ;;		line 50 in file "mcc_generated_files/mcc.c"
   344 ;; Parameters:    Size  Location     Type
   345 ;;		None
   346 ;; Auto vars:     Size  Location     Type
   347 ;;		None
   348 ;; Return value:  Size  Location     Type
   349 ;;                  1    wreg      void 
   350 ;; Registers used:
   351 ;;		wreg, status,2, cstack
   352 ;; Tracked objects:
   353 ;;		On entry : 0/0
   354 ;;		On exit  : 0/0
   355 ;;		Unchanged: 0/0
   356 ;; Data sizes:     COMRAM   BANK0   BANK1   BANK2   BANK3   BANK4   BANK5   BANK6   BANK7   BANK8   BANK9  BANK10  BANK1
      +1  BANK12  BANK13  BANK14
   357 ;;      Params:         0       0       0       0       0       0       0       0       0       0       0       0       
      +0       0       0       0
   358 ;;      Locals:         0       0       0       0       0       0       0       0       0       0       0       0       
      +0       0       0       0
   359 ;;      Temps:          0       0       0       0       0       0       0       0       0       0       0       0       
      +0       0       0       0
   360 ;;      Totals:         0       0       0       0       0       0       0       0       0       0       0       0       
      +0       0       0       0
   361 ;;Total ram usage:        0 bytes
   362 ;; Hardware stack levels used:    1
   363 ;; Hardware stack levels required when called:    1
   364 ;; This function calls:
   365 ;;		_OSCILLATOR_Initialize
   366 ;;		_PIN_MANAGER_Initialize
   367 ;;		_PMD_Initialize
   368 ;;		_SPI1_Initialize
   369 ;; This function is called by:
   370 ;;		_main
   371 ;; This function uses a non-reentrant model
   372 ;;
   373                           
   374                           	psect	text3
   375  01FF06                     __ptext3:
   376                           	opt stack 0
   377  01FF06                     _SYSTEM_Initialize:
   378                           	opt stack 29
   379                           
   380                           ;mcc.c: 52: PMD_Initialize();
   381                           
   382                           ;incstack = 0
   383  01FF06  ECA1  F0FF         	call	_PMD_Initialize	;wreg free
   384                           
   385                           ;mcc.c: 53: PIN_MANAGER_Initialize();
   386  01FF0A  ECC3  F0FF         	call	_PIN_MANAGER_Initialize	;wreg free
   387                           
   388                           ;mcc.c: 54: OSCILLATOR_Initialize();
   389  01FF0E  EC95  F0FF         	call	_OSCILLATOR_Initialize	;wreg free
   390                           
   391                           ;mcc.c: 55: SPI1_Initialize();
   392  01FF12  EC74  F0FF         	call	_SPI1_Initialize	;wreg free
   393  01FF16  0012               	return		;funcret
   394  01FF18                     __end_of_SYSTEM_Initialize:
   395                           	opt stack 0
   396                           wreg	equ	0xFE8
   397                           status	equ	0xFD8
   398                           
   399 ;; *************** function _SPI1_Initialize *****************
   400 ;; Defined at:
   401 ;;		line 65 in file "mcc_generated_files/spi1.c"
   402 ;; Parameters:    Size  Location     Type
   403 ;;		None
   404 ;; Auto vars:     Size  Location     Type
   405 ;;		None
   406 ;; Return value:  Size  Location     Type
   407 ;;                  1    wreg      void 
   408 ;; Registers used:
   409 ;;		wreg, status,2
   410 ;; Tracked objects:
   411 ;;		On entry : 0/0
   412 ;;		On exit  : 0/0
   413 ;;		Unchanged: 0/0
   414 ;; Data sizes:     COMRAM   BANK0   BANK1   BANK2   BANK3   BANK4   BANK5   BANK6   BANK7   BANK8   BANK9  BANK10  BANK1
      +1  BANK12  BANK13  BANK14
   415 ;;      Params:         0       0       0       0       0       0       0       0       0       0       0       0       
      +0       0       0       0
   416 ;;      Locals:         0       0       0       0       0       0       0       0       0       0       0       0       
      +0       0       0       0
   417 ;;      Temps:          0       0       0       0       0       0       0       0       0       0       0       0       
      +0       0       0       0
   418 ;;      Totals:         0       0       0       0       0       0       0       0       0       0       0       0       
      +0       0       0       0
   419 ;;Total ram usage:        0 bytes
   420 ;; Hardware stack levels used:    1
   421 ;; This function calls:
   422 ;;		Nothing
   423 ;; This function is called by:
   424 ;;		_SYSTEM_Initialize
   425 ;; This function uses a non-reentrant model
   426 ;;
   427                           
   428                           	psect	text4
   429  01FEE8                     __ptext4:
   430                           	opt stack 0
   431  01FEE8                     _SPI1_Initialize:
   432                           	opt stack 29
   433                           
   434                           ;spi1.c: 70: SSP1STAT = 0x00;
   435                           
   436                           ;incstack = 0
   437  01FEE8  0E00               	movlw	0
   438  01FEEA  6E95               	movwf	3989,c	;volatile
   439                           
   440                           ;spi1.c: 73: SSP1CON1 = 0x20;
   441  01FEEC  0E20               	movlw	32
   442  01FEEE  6E96               	movwf	3990,c	;volatile
   443                           
   444                           ;spi1.c: 76: SSP1ADD = 0x00;
   445  01FEF0  0E00               	movlw	0
   446  01FEF2  6E93               	movwf	3987,c	;volatile
   447  01FEF4  0012               	return		;funcret
   448  01FEF6                     __end_of_SPI1_Initialize:
   449                           	opt stack 0
   450                           wreg	equ	0xFE8
   451                           status	equ	0xFD8
   452                           
   453 ;; *************** function _PMD_Initialize *****************
   454 ;; Defined at:
   455 ;;		line 72 in file "mcc_generated_files/mcc.c"
   456 ;; Parameters:    Size  Location     Type
   457 ;;		None
   458 ;; Auto vars:     Size  Location     Type
   459 ;;		None
   460 ;; Return value:  Size  Location     Type
   461 ;;                  1    wreg      void 
   462 ;; Registers used:
   463 ;;		wreg, status,2
   464 ;; Tracked objects:
   465 ;;		On entry : 0/0
   466 ;;		On exit  : 0/0
   467 ;;		Unchanged: 0/0
   468 ;; Data sizes:     COMRAM   BANK0   BANK1   BANK2   BANK3   BANK4   BANK5   BANK6   BANK7   BANK8   BANK9  BANK10  BANK1
      +1  BANK12  BANK13  BANK14
   469 ;;      Params:         0       0       0       0       0       0       0       0       0       0       0       0       
      +0       0       0       0
   470 ;;      Locals:         0       0       0       0       0       0       0       0       0       0       0       0       
      +0       0       0       0
   471 ;;      Temps:          0       0       0       0       0       0       0       0       0       0       0       0       
      +0       0       0       0
   472 ;;      Totals:         0       0       0       0       0       0       0       0       0       0       0       0       
      +0       0       0       0
   473 ;;Total ram usage:        0 bytes
   474 ;; Hardware stack levels used:    1
   475 ;; This function calls:
   476 ;;		Nothing
   477 ;; This function is called by:
   478 ;;		_SYSTEM_Initialize
   479 ;; This function uses a non-reentrant model
   480 ;;
   481                           
   482                           	psect	text5
   483  01FF42                     __ptext5:
   484                           	opt stack 0
   485  01FF42                     _PMD_Initialize:
   486                           	opt stack 29
   487                           
   488                           ;mcc.c: 75: PMD0 = 0x00;
   489                           
   490                           ;incstack = 0
   491  01FF42  0E00               	movlw	0
   492  01FF44  010E               	movlb	14	; () banked
   493  01FF46  6FE1               	movwf	225,b	;volatile
   494                           
   495                           ;mcc.c: 77: PMD1 = 0x00;
   496  01FF48  0E00               	movlw	0
   497  01FF4A  6FE2               	movwf	226,b	;volatile
   498                           
   499                           ;mcc.c: 79: PMD2 = 0x00;
   500  01FF4C  0E00               	movlw	0
   501  01FF4E  6FE3               	movwf	227,b	;volatile
   502                           
   503                           ;mcc.c: 81: PMD3 = 0x00;
   504  01FF50  0E00               	movlw	0
   505  01FF52  6FE4               	movwf	228,b	;volatile
   506                           
   507                           ;mcc.c: 83: PMD4 = 0x00;
   508  01FF54  0E00               	movlw	0
   509  01FF56  6FE5               	movwf	229,b	;volatile
   510                           
   511                           ;mcc.c: 85: PMD5 = 0x00;
   512  01FF58  0E00               	movlw	0
   513  01FF5A  6FE6               	movwf	230,b	;volatile
   514                           
   515                           ; BSR set to: 14
   516  01FF5C  0012               	return		;funcret
   517  01FF5E                     __end_of_PMD_Initialize:
   518                           	opt stack 0
   519                           wreg	equ	0xFE8
   520                           status	equ	0xFD8
   521                           
   522 ;; *************** function _PIN_MANAGER_Initialize *****************
   523 ;; Defined at:
   524 ;;		line 57 in file "mcc_generated_files/pin_manager.c"
   525 ;; Parameters:    Size  Location     Type
   526 ;;		None
   527 ;; Auto vars:     Size  Location     Type
   528 ;;		None
   529 ;; Return value:  Size  Location     Type
   530 ;;                  1    wreg      void 
   531 ;; Registers used:
   532 ;;		wreg, status,2
   533 ;; Tracked objects:
   534 ;;		On entry : 0/0
   535 ;;		On exit  : 0/0
   536 ;;		Unchanged: 0/0
   537 ;; Data sizes:     COMRAM   BANK0   BANK1   BANK2   BANK3   BANK4   BANK5   BANK6   BANK7   BANK8   BANK9  BANK10  BANK1
      +1  BANK12  BANK13  BANK14
   538 ;;      Params:         0       0       0       0       0       0       0       0       0       0       0       0       
      +0       0       0       0
   539 ;;      Locals:         0       0       0       0       0       0       0       0       0       0       0       0       
      +0       0       0       0
   540 ;;      Temps:          0       0       0       0       0       0       0       0       0       0       0       0       
      +0       0       0       0
   541 ;;      Totals:         0       0       0       0       0       0       0       0       0       0       0       0       
      +0       0       0       0
   542 ;;Total ram usage:        0 bytes
   543 ;; Hardware stack levels used:    1
   544 ;; This function calls:
   545 ;;		Nothing
   546 ;; This function is called by:
   547 ;;		_SYSTEM_Initialize
   548 ;; This function uses a non-reentrant model
   549 ;;
   550                           
   551                           	psect	text6
   552  01FF86                     __ptext6:
   553                           	opt stack 0
   554  01FF86                     _PIN_MANAGER_Initialize:
   555                           	opt stack 29
   556                           
   557                           ;pin_manager.c: 62: LATE = 0x00;
   558                           
   559                           ; BSR set to: 14
   560                           ;incstack = 0
   561  01FF86  0E00               	movlw	0
   562  01FF88  6E87               	movwf	3975,c	;volatile
   563                           
   564                           ;pin_manager.c: 63: LATD = 0x00;
   565  01FF8A  0E00               	movlw	0
   566  01FF8C  6E86               	movwf	3974,c	;volatile
   567                           
   568                           ;pin_manager.c: 64: LATA = 0x00;
   569  01FF8E  0E00               	movlw	0
   570  01FF90  6E83               	movwf	3971,c	;volatile
   571                           
   572                           ;pin_manager.c: 65: LATB = 0x00;
   573  01FF92  0E00               	movlw	0
   574  01FF94  6E84               	movwf	3972,c	;volatile
   575                           
   576                           ;pin_manager.c: 66: LATC = 0x00;
   577  01FF96  0E00               	movlw	0
   578  01FF98  6E85               	movwf	3973,c	;volatile
   579                           
   580                           ;pin_manager.c: 71: TRISE = 0x07;
   581  01FF9A  0E07               	movlw	7
   582  01FF9C  6E8C               	movwf	3980,c	;volatile
   583                           
   584                           ;pin_manager.c: 72: TRISA = 0xFF;
   585  01FF9E  6888               	setf	3976,c	;volatile
   586                           
   587                           ;pin_manager.c: 73: TRISB = 0xFF;
   588  01FFA0  6889               	setf	3977,c	;volatile
   589                           
   590                           ;pin_manager.c: 74: TRISC = 0xC7;
   591  01FFA2  0EC7               	movlw	199
   592  01FFA4  6E8A               	movwf	3978,c	;volatile
   593                           
   594                           ;pin_manager.c: 75: TRISD = 0xFF;
   595  01FFA6  688B               	setf	3979,c	;volatile
   596                           
   597                           ;pin_manager.c: 80: ANSELD = 0xFF;
   598  01FFA8  010F               	movlb	15	; () banked
   599  01FFAA  6926               	setf	38,b	;volatile
   600                           
   601                           ;pin_manager.c: 81: ANSELC = 0x87;
   602  01FFAC  0E87               	movlw	135
   603  01FFAE  6F21               	movwf	33,b	;volatile
   604                           
   605                           ; BSR set to: 15
   606                           ;pin_manager.c: 82: ANSELB = 0xFF;
   607  01FFB0  6919               	setf	25,b	;volatile
   608                           
   609                           ;pin_manager.c: 83: ANSELE = 0x07;
   610  01FFB2  0E07               	movlw	7
   611  01FFB4  6F2E               	movwf	46,b	;volatile
   612                           
   613                           ; BSR set to: 15
   614                           ;pin_manager.c: 84: ANSELA = 0xFF;
   615  01FFB6  6911               	setf	17,b	;volatile
   616                           
   617                           ;pin_manager.c: 89: WPUD = 0x00;
   618  01FFB8  0E00               	movlw	0
   619  01FFBA  6F25               	movwf	37,b	;volatile
   620                           
   621                           ;pin_manager.c: 90: WPUE = 0x00;
   622  01FFBC  0E00               	movlw	0
   623  01FFBE  6F2D               	movwf	45,b	;volatile
   624                           
   625                           ;pin_manager.c: 91: WPUB = 0x00;
   626  01FFC0  0E00               	movlw	0
   627  01FFC2  6F18               	movwf	24,b	;volatile
   628                           
   629                           ;pin_manager.c: 92: WPUA = 0x00;
   630  01FFC4  0E00               	movlw	0
   631  01FFC6  6F10               	movwf	16,b	;volatile
   632                           
   633                           ;pin_manager.c: 93: WPUC = 0x00;
   634  01FFC8  0E00               	movlw	0
   635  01FFCA  6F20               	movwf	32,b	;volatile
   636                           
   637                           ;pin_manager.c: 98: ODCONE = 0x00;
   638  01FFCC  0E00               	movlw	0
   639  01FFCE  6F2C               	movwf	44,b	;volatile
   640                           
   641                           ;pin_manager.c: 99: ODCONA = 0x00;
   642  01FFD0  0E00               	movlw	0
   643  01FFD2  6F0F               	movwf	15,b	;volatile
   644                           
   645                           ;pin_manager.c: 100: ODCONB = 0x00;
   646  01FFD4  0E00               	movlw	0
   647  01FFD6  6F17               	movwf	23,b	;volatile
   648                           
   649                           ;pin_manager.c: 101: ODCONC = 0x00;
   650  01FFD8  0E00               	movlw	0
   651  01FFDA  6F1F               	movwf	31,b	;volatile
   652                           
   653                           ;pin_manager.c: 102: ODCOND = 0x00;
   654  01FFDC  0E00               	movlw	0
   655  01FFDE  6F24               	movwf	36,b	;volatile
   656                           
   657                           ;pin_manager.c: 111: RC3PPS = 0x0F;
   658  01FFE0  0E0F               	movlw	15
   659  01FFE2  010E               	movlb	14	; () banked
   660  01FFE4  6FFA               	movwf	250,b	;volatile
   661                           
   662                           ;pin_manager.c: 112: RC4PPS = 0x10;
   663  01FFE6  0E10               	movlw	16
   664  01FFE8  6FFB               	movwf	251,b	;volatile
   665                           
   666                           ; BSR set to: 14
   667                           ;pin_manager.c: 113: SSP1CLKPPSbits.SSPCLKPPS = 0x13;
   668  01FFEA  81B7               	bsf	183,0,b	;volatile
   669  01FFEC  83B7               	bsf	183,1,b	;volatile
   670  01FFEE  95B7               	bcf	183,2,b	;volatile
   671  01FFF0  97B7               	bcf	183,3,b	;volatile
   672  01FFF2  89B7               	bsf	183,4,b	;volatile
   673                           
   674                           ; BSR set to: 14
   675                           ;pin_manager.c: 114: SSP1DATPPSbits.SSPDATPPS = 0x16;
   676  01FFF4  91B8               	bcf	184,0,b	;volatile
   677  01FFF6  83B8               	bsf	184,1,b	;volatile
   678  01FFF8  85B8               	bsf	184,2,b	;volatile
   679  01FFFA  97B8               	bcf	184,3,b	;volatile
   680  01FFFC  89B8               	bsf	184,4,b	;volatile
   681                           
   682                           ; BSR set to: 14
   683  01FFFE  0012               	return		;funcret
   684  020000                     __end_of_PIN_MANAGER_Initialize:
   685                           	opt stack 0
   686                           wreg	equ	0xFE8
   687                           status	equ	0xFD8
   688                           
   689 ;; *************** function _OSCILLATOR_Initialize *****************
   690 ;; Defined at:
   691 ;;		line 58 in file "mcc_generated_files/mcc.c"
   692 ;; Parameters:    Size  Location     Type
   693 ;;		None
   694 ;; Auto vars:     Size  Location     Type
   695 ;;		None
   696 ;; Return value:  Size  Location     Type
   697 ;;                  1    wreg      void 
   698 ;; Registers used:
   699 ;;		wreg, status,2
   700 ;; Tracked objects:
   701 ;;		On entry : 0/0
   702 ;;		On exit  : 0/0
   703 ;;		Unchanged: 0/0
   704 ;; Data sizes:     COMRAM   BANK0   BANK1   BANK2   BANK3   BANK4   BANK5   BANK6   BANK7   BANK8   BANK9  BANK10  BANK1
      +1  BANK12  BANK13  BANK14
   705 ;;      Params:         0       0       0       0       0       0       0       0       0       0       0       0       
      +0       0       0       0
   706 ;;      Locals:         0       0       0       0       0       0       0       0       0       0       0       0       
      +0       0       0       0
   707 ;;      Temps:          0       0       0       0       0       0       0       0       0       0       0       0       
      +0       0       0       0
   708 ;;      Totals:         0       0       0       0       0       0       0       0       0       0       0       0       
      +0       0       0       0
   709 ;;Total ram usage:        0 bytes
   710 ;; Hardware stack levels used:    1
   711 ;; This function calls:
   712 ;;		Nothing
   713 ;; This function is called by:
   714 ;;		_SYSTEM_Initialize
   715 ;; This function uses a non-reentrant model
   716 ;;
   717                           
   718                           	psect	text7
   719  01FF2A                     __ptext7:
   720                           	opt stack 0
   721  01FF2A                     _OSCILLATOR_Initialize:
   722                           	opt stack 29
   723                           
   724                           ;mcc.c: 61: OSCCON1 = 0x62;
   725                           
   726                           ; BSR set to: 14
   727                           ;incstack = 0
   728  01FF2A  0E62               	movlw	98
   729  01FF2C  010E               	movlb	14	; () banked
   730  01FF2E  6FD8               	movwf	216,b	;volatile
   731                           
   732                           ;mcc.c: 63: OSCCON3 = 0x00;
   733  01FF30  0E00               	movlw	0
   734  01FF32  6FDA               	movwf	218,b	;volatile
   735                           
   736                           ;mcc.c: 65: OSCEN = 0x00;
   737  01FF34  0E00               	movlw	0
   738  01FF36  6FDC               	movwf	220,b	;volatile
   739                           
   740                           ;mcc.c: 67: OSCFRQ = 0x02;
   741  01FF38  0E02               	movlw	2
   742  01FF3A  6FDE               	movwf	222,b	;volatile
   743                           
   744                           ;mcc.c: 69: OSCTUNE = 0x00;
   745  01FF3C  0E00               	movlw	0
   746  01FF3E  6FDD               	movwf	221,b	;volatile
   747                           
   748                           ; BSR set to: 14
   749  01FF40  0012               	return		;funcret
   750  01FF42                     __end_of_OSCILLATOR_Initialize:
   751                           	opt stack 0
   752  0000                     wreg	equ	0xFE8
   753                           status	equ	0xFD8
   754                           wreg	equ	0xFE8
   755                           status	equ	0xFD8
   756                           
   757                           	psect	rparam
   758  0000                     wreg	equ	0xFE8
   759                           status	equ	0xFD8


Data Sizes:
    Strings     0
    Constant    0
    Data        0
    BSS         1
    Persistent  0
    Stack       0

Auto Spaces:
    Space          Size  Autos    Used
    COMRAM           95      3       4
    BANK0           160      0       0
    BANK1           256      0       0
    BANK2           256      0       0
    BANK3           256      0       0
    BANK4           256      0       0
    BANK5           256      0       0
    BANK6           256      0       0
    BANK7           256      0       0
    BANK8           256      0       0
    BANK9           256      0       0
    BANK10          256      0       0
    BANK11          256      0       0
    BANK12          256      0       0
    BANK13          256      0       0
    BANK14          136      0       0

Pointer List with Targets:

    None.

Critical Paths under _main in COMRAM

    _main->_spi_out
    _spi_out->_SPI1_Exchange8bit

Critical Paths under _main in BANK0

    None.

Critical Paths under _main in BANK1

    None.

Critical Paths under _main in BANK2

    None.

Critical Paths under _main in BANK3

    None.

Critical Paths under _main in BANK4

    None.

Critical Paths under _main in BANK5

    None.

Critical Paths under _main in BANK6

    None.

Critical Paths under _main in BANK7

    None.

Critical Paths under _main in BANK8

    None.

Critical Paths under _main in BANK9

    None.

Critical Paths under _main in BANK10

    None.

Critical Paths under _main in BANK11

    None.

Critical Paths under _main in BANK12

    None.

Critical Paths under _main in BANK13

    None.

Critical Paths under _main in BANK14

    None.

Call Graph Tables:

 ---------------------------------------------------------------------------------
 (Depth) Function   	        Calls       Base Space   Used Autos Params    Refs
 ---------------------------------------------------------------------------------
 (0) _main                                                 1     1      0      45
                                              2 COMRAM     1     1      0
                  _SYSTEM_Initialize
                            _spi_out
 ---------------------------------------------------------------------------------
 (1) _spi_out                                              1     1      0      45
                                              1 COMRAM     1     1      0
                  _SPI1_Exchange8bit
 ---------------------------------------------------------------------------------
 (2) _SPI1_Exchange8bit                                    1     1      0      15
                                              0 COMRAM     1     1      0
 ---------------------------------------------------------------------------------
 (1) _SYSTEM_Initialize                                    0     0      0       0
              _OSCILLATOR_Initialize
             _PIN_MANAGER_Initialize
                     _PMD_Initialize
                    _SPI1_Initialize
 ---------------------------------------------------------------------------------
 (2) _SPI1_Initialize                                      0     0      0       0
 ---------------------------------------------------------------------------------
 (2) _PMD_Initialize                                       0     0      0       0
 ---------------------------------------------------------------------------------
 (2) _PIN_MANAGER_Initialize                               0     0      0       0
 ---------------------------------------------------------------------------------
 (2) _OSCILLATOR_Initialize                                0     0      0       0
 ---------------------------------------------------------------------------------
 Estimated maximum stack depth 2
 ---------------------------------------------------------------------------------

 Call Graph Graphs:

 _main (ROOT)
   _SYSTEM_Initialize
     _OSCILLATOR_Initialize
     _PIN_MANAGER_Initialize
     _PMD_Initialize
     _SPI1_Initialize
   _spi_out
     _SPI1_Exchange8bit

 Address spaces:
Name               Size   Autos  Total    Cost      Usage
BIGRAM             E87      0       0      35        0.0%
EEDATA             400      0       0       0        0.0%
BITBANK13          100      0       0      31        0.0%
BANK13             100      0       0      32        0.0%
BITBANK12          100      0       0      29        0.0%
BANK12             100      0       0      30        0.0%
BITBANK11          100      0       0      27        0.0%
BANK11             100      0       0      28        0.0%
BITBANK10          100      0       0      25        0.0%
BANK10             100      0       0      26        0.0%
BITBANK9           100      0       0      23        0.0%
BANK9              100      0       0      24        0.0%
BITBANK8           100      0       0      21        0.0%
BANK8              100      0       0      22        0.0%
BITBANK7           100      0       0      19        0.0%
BANK7              100      0       0      20        0.0%
BITBANK6           100      0       0      17        0.0%
BANK6              100      0       0      18        0.0%
BITBANK5           100      0       0      15        0.0%
BANK5              100      0       0      16        0.0%
BITBANK4           100      0       0      13        0.0%
BANK4              100      0       0      14        0.0%
BITBANK3           100      0       0      11        0.0%
BANK3              100      0       0      12        0.0%
BITBANK2           100      0       0       9        0.0%
BANK2              100      0       0      10        0.0%
BITBANK1           100      0       0       7        0.0%
BANK1              100      0       0       8        0.0%
BITBANK0            A0      0       0       4        0.0%
BANK0               A0      0       0       5        0.0%
BITBANK14           88      0       0      33        0.0%
BANK14              88      0       0      34        0.0%
BITCOMRAM           5F      0       0       0        0.0%
COMRAM              5F      3       4       1        4.2%
BITSFR_2             0      0       0     200        0.0%
SFR_2                0      0       0     200        0.0%
BITSFR_1             0      0       0     200        0.0%
SFR_1                0      0       0     200        0.0%
BITSFR               0      0       0     200        0.0%
SFR                  0      0       0     200        0.0%
STACK                0      0       0       2        0.0%
NULL                 0      0       0       0        0.0%
ABS                  0      0       4       6        0.0%
DATA                 0      0       4       3        0.0%
CODE                 0      0       0       0        0.0%


Microchip Technology PIC18 Macro Assembler V1.44 build -154322312 
Symbol Table                                                                                   Wed Jun 06 21:18:42 2018

              _SPI1_Exchange8bit FEF6                                _a 0004  
             ?_SPI1_Exchange8bit 0001                      __CFG_CP$OFF 000000  
                             u97 FF68                              l120 FF62  
                            l146 FEFE                     __CFG_CPD$OFF 000000  
            ??_SPI1_Exchange8bit 0001          __size_of_PMD_Initialize 001C  
                            wreg 000FE8                     __CFG_LVP$OFF 000000  
                   __CFG_ZCD$OFF 000000                             _LATA 000F83  
                           _LATB 000F84                             _LATC 000F85  
                           _LATD 000F86                             _LATE 000F87  
                           _PMD0 000EE1                             _PMD1 000EE2  
                           _PMD2 000EE3                             _PMD3 000EE4  
                           _PMD4 000EE5                             _PMD5 000EE6  
                           _WPUA 000F10                             _WPUB 000F18  
                           _WPUC 000F20                             _WPUD 000F25  
                           _WPUE 000F2D                    __CFG_FCMEN$ON 000000  
                           _main FF5E                             start 0000  
      __end_of_SPI1_Exchange8bit FF06                    __CFG_CSWEN$ON 000000  
                   ___param_bank 000000                    __CFG_SCANE$ON 000000  
 __size_of_OSCILLATOR_Initialize 0018    __end_of_OSCILLATOR_Initialize FF42  
                          ?_main 0001                    __CFG_WDTE$OFF 000000  
                 __CFG_DEBUG$OFF 000000                            _OSCEN 000EDC  
                          _TRISA 000F88                            _TRISB 000F89  
                          _TRISC 000F8A                            _TRISD 000F8B  
                          _TRISE 000F8C                    __CFG_WRT0$OFF 000000  
                  __CFG_WRT1$OFF 000000                    __CFG_WRT2$OFF 000000  
                  __CFG_WRT3$OFF 000000                    __CFG_WRT4$OFF 000000  
                  __CFG_WRT5$OFF 000000                    __CFG_WRT6$OFF 000000  
                  __CFG_WRT7$OFF 000000                   __CFG_EBTR0$OFF 000000  
                 __CFG_EBTR1$OFF 000000                   __CFG_EBTR2$OFF 000000  
                 __CFG_EBTR3$OFF 000000                   __CFG_EBTR4$OFF 000000  
                 __CFG_EBTR5$OFF 000000                   __CFG_EBTR6$OFF 000000  
                 __CFG_EBTR7$OFF 000000                    __CFG_WRTB$OFF 000000  
                  __CFG_WRTC$OFF 000000                    __CFG_WRTD$OFF 000000  
                 __CFG_EBTRB$OFF 000000               __CFG_MCLRE$EXTMCLR 000000  
                 __CFG_BOREN$OFF 000000                  __end_of_spi_out FF2A  
                          status 000FD8         __size_of_SPI1_Initialize 000E  
                __initialization FEE0                     __end_of_main FF86  
                         ??_main 0003                    __activetblptr 000000  
                         _ANSELA 000F11                           _ANSELB 000F19  
                         _ANSELC 000F21                           _ANSELD 000F26  
                         _ANSELE 000F2E                           _RC3PPS 000EFA  
                         _RC4PPS 000EFB                           _ODCONA 000F0F  
                         _ODCONB 000F17                           _ODCONC 000F1F  
                         _ODCOND 000F24                           _ODCONE 000F2C  
                 __CFG_WDTCCS$SC 000000                           _OSCFRQ 000EDE  
          SPI1_Exchange8bit@data 0001       __size_of_SPI1_Exchange8bit 0010  
                 __CFG_PWRTE$OFF 000000                   __CFG_XINST$OFF 000000  
      __CFG_RSTOSC$HFINTOSC_1MHZ 000000                   __CFG_STVREN$ON 000000  
                 _PMD_Initialize FF42                        ??_spi_out 0002  
              _SYSTEM_Initialize FF06                       __accesstop 0060  
        __end_of__initialization FEE2               ?_SYSTEM_Initialize 0001  
                  ___rparam_used 000001                   __pcstackCOMRAM 0001  
            ??_SYSTEM_Initialize 0001                ??_SPI1_Initialize 0001  
         __end_of_PMD_Initialize FF5E        __end_of_SYSTEM_Initialize FF18  
                 _SSP1DATPPSbits 000EB8                  __CFG_PPS1WAY$ON 000000  
                 _SSP1CLKPPSbits 000EB7                  ?_PMD_Initialize 0001  
                        _OSCCON1 000ED8                          _OSCCON3 000EDA  
                        _OSCTUNE 000EDD                          _SSP1ADD 000F93  
                        _SSP1BUF 000F92                          __Hparam 0000  
                        __Lparam 0000                          __pcinit FEE0  
                        __ramtop 0F00                          __ptext0 FF5E  
                        __ptext1 FF18                          __ptext2 FEF6  
                        __ptext3 FF06                          __ptext4 FEE8  
                        __ptext5 FF42                          __ptext6 FF86  
                        __ptext7 FF2A            _OSCILLATOR_Initialize FF2A  
       ??_PIN_MANAGER_Initialize 0001                          _spi_out FF18  
     __size_of_SYSTEM_Initialize 0012             end_of_initialization FEE2  
          __CFG_WDTCPS$WDTCPS_31 000000                        _PORTCbits 000F8F  
               __CFG_FEXTOSC$OFF 000000                  _SPI1_Initialize FEE8  
                    spi_out@byte 0002           ?_OSCILLATOR_Initialize 0001  
            start_initialization FEE0  __size_of_PIN_MANAGER_Initialize 007A  
               __CFG_LPBOREN$OFF 000000                 ??_PMD_Initialize 0001  
                    __pbssCOMRAM 0004          __end_of_SPI1_Initialize FEF6  
         _PIN_MANAGER_Initialize FF86                         ?_spi_out 0001  
            __CFG_BORV$VBOR_2P45 000000                         _SSP1CON1 000F96  
                       _SSP1STAT 000F95                 ?_SPI1_Initialize 0001  
                       __Hrparam 0000                         __Lrparam 0000  
        ??_OSCILLATOR_Initialize 0001                     _SSP1CON1bits 000F96  
               __size_of_spi_out 0012                    __size_of_main 0028  
           __CFG_WDTCWS$WDTCWS_7 000000                     _SSP1STATbits 000F95  
        ?_PIN_MANAGER_Initialize 0001                __CFG_CLKOUTEN$OFF 000000  
 __end_of_PIN_MANAGER_Initialize 0000  
